Arguments: 
  C:\Program Files\nodejs\node.exe C:\Program Files (x86)\Yarn\bin\yarn.js build

PATH: 
  C:\ProgramData\Oracle\Java\javapath;C:\WINDOWS\system32;C:\WINDOWS;C:\WINDOWS\System32\Wbem;C:\WINDOWS\System32\WindowsPowerShell\v1.0\;C:\Users\CCJ\.dnx\bin;C:\Program Files\Microsoft DNX\Dnvm\;C:\Program Files\Microsoft SQL Server\130\Tools\Binn\;C:\Program Files (x86)\Windows Kits\8.1\Windows Performance Toolkit\;C:\WINDOWS\system32;C:\WINDOWS;C:\WINDOWS\System32\Wbem;C:\WINDOWS\System32\WindowsPowerShell\v1.0\;C:\Program Files (x86)\Skype\Phone\;C:\Program Files (x86)\NVIDIA Corporation\PhysX\Common;C:\Program Files\Git\cmd;C:\Program Files\nodejs\;C:\Program Files (x86)\Yarn\bin\;C:\Users\CCJ\AppData\Local\Microsoft\WindowsApps;C:\Users\CCJ\AppData\Roaming\npm;C:\Users\CCJ\AppData\Local\atom\bin;C:\Users\CCJ\AppData\Local\Yarn\bin;C:\Users\CCJ\AppData\Local\GitHubDesktop\bin

Yarn version: 
  1.5.1

Node version: 
  8.9.4

Platform: 
  win32 x64

npm manifest: 
  {
    "name": "seunghealthcare",
    "version": "1.0.0",
    "main": "index.js",
    "repository": "https://github.com/ccj9707/seunghealth.git",
    "author": "ccj9707 <34504466+ccj9707@users.noreply.github.com>",
    "license": "MIT",
    "scripts": {
      "build": "webpack -p",
      "start": "npm-run-all --parallel watch:server watch:build",
      "watch:build": "webpack --watch",
      "watch:server": "nodemon bin/seunghealth.ts"
    },
    "babel": {
      "presets": [
        "env"
      ]
    },
    "dependencies": {
      "babel-polyfill": "^6.26.0",
      "http": "^0.0.0",
      "nodemon": "^1.17.3",
      "npm-run-all": "^4.1.2",
      "webpack-cli": "^2.0.15"
    },
    "devDependencies": {
      "babel-core": "^6.26.0",
      "babel-loader": "^7.1.4",
      "babel-preset-env": "^1.6.1",
      "webpack": "^4.6.0",
      "webpack-dev-server": "^3.1.3"
    }
  }

yarn manifest: 
  No manifest

Lockfile: 
  No lockfile

Trace: 
  Error: Command failed.
  Exit code: 1
  Command: C:\WINDOWS\system32\cmd.exe
  Arguments: /d /s /c webpack -p
  Directory: C:\Users\CCJ\Documents\GitHub\seunghealth
  Output:
  
      at ProcessTermError.MessageError (C:\Program Files (x86)\Yarn\lib\cli.js:186:110)
      at new ProcessTermError (C:\Program Files (x86)\Yarn\lib\cli.js:226:113)
      at ChildProcess.<anonymous> (C:\Program Files (x86)\Yarn\lib\cli.js:30281:17)
      at emitTwo (events.js:126:13)
      at ChildProcess.emit (events.js:214:7)
      at maybeClose (internal/child_process.js:925:16)
      at Process.ChildProcess._handle.onexit (internal/child_process.js:209:5)
